88.6398%
Fri Jun 14 03:40:02 PM EDT 2024

88.6398%
Fri Jun 14 04:10:24 PM EDT 2024

88.6398%
Fri Jun 14 06:07:33 PM EDT 2024

88.6398%
Fri Jun 14 07:28:39 PM EDT 2024

88.6398%
Sat Jun 15 07:05:25 PM EDT 2024

88.6398%
Sat Jun 15 08:09:14 PM EDT 2024

88.6398%
Sat Jun 15 10:31:17 PM EDT 2024

88.5694%
Sun Jun 16 12:54:51 PM EDT 2024

88.5694%
Sun Jun 16 01:53:54 PM EDT 2024

88.5694%
Sun Jun 16 06:32:52 PM EDT 2024

88.5694%
Sun Jun 16 07:12:42 PM EDT 2024

88.5694%
Sun Jun 16 08:11:22 PM EDT 2024

88.489%
Mon Jun 17 05:57:20 PM EDT 2024

88.489%
Tue Jun 18 04:18:40 PM EDT 2024

88.489%
Tue Jun 18 08:02:38 PM EDT 2024

88.489%
Wed Jun 19 02:52:33 PM EDT 2024

88.3382%
Thu Jun 20 02:40:20 PM EDT 2024

